1 0
2 0
3 1
4 3
5 9
6 54
7 64
8 74
9 85
10 93
11 109
12 121
13 128
14 160
15 174
16 182
17 173
18 199
19 208
20 225
21 239
22 274
23 302
24 305
25 336
26 356
27 354
28 372
29 384
30 363
31 410
32 495
33 415
34 500
35 514
36 485
37 551
38 531
39 564
40 598
41 638
42 656
43 582
44 728
45 763
46 771
47 740
48 670
49 850
50 840
51 872
52 959
53 1027
54 958
55 1017
56 1029
57 1044
58 1089
59 1159
60 1120
61 1037
62 1040
63 1289
64 1144
65 1347
66 1073
67 1382
68 1396
69 1446
70 1458
71 1348
72 1577
73 1217
74 1621
75 1632
76 1718
77 1792
78 1683
79 1738
80 1857
81 1617
82 2038
83 1594
84 1939
85 1690
86 2149
87 2059
88 1737
89 2128
90 2182
91 1989
92 1961
93 2352
94 1947
95 2065
96 2085
97 2277
98 2126
99 2158
100 2614
101 2400
102 2352
103 2244
104 2914
105 2350
106 2454
107 3108
108 3051
109 3172
110 2662
111 3302
112 2996
113 2913
114 2964
115 2966
116 3094
117 3013
118 2909
119 3061
120 3115
121 3154
122 3343
123 3650
124 3579
125 3514
126 3321
127 3616
128 3652
129 3300
130 4175
131 3840
132 3804
133 3935
134 3960
135 3700
136 4119
137 3749
138 4378
139 4118
140 4096
141 3966
142 4205
143 4500
144 4621
145 4384
146 4653
147 4531
148 5398
149 4626
150 4568
151 4735
152 4850
153 4699
154 5303
155 5374
156 4776
157 4877
158 5223
159 5334
160 4977
161 5183
162 6158
163 5762
164 6156
165 5789
166 5677
167 5708
168 5687
169 6179
170 5722
171 5630
172 6414
173 5915
174 6094
175 6245
176 5995
177 6408
178 6345
179 6054
180 6688
181 6162
182 7588
183 7052
184 6674
185 6421
186 7187
187 7516
188 6956
189 6983
190 6800
191 7998
192 8105
193 7545
194 7214
195 7186
196 7541
197 7672
198 7305
199 7307
200 7522
201 8089
202 8230
203 8649
204 8680
205 8582
206 9281
207 8487
208 7908
209 8893
210 9152
211 8944
212 9385
213 9700
214 8858
215 9747
216 8695
217 8857
218 9793
219 9980
220 9579
221 9927
222 9714
223 10141
224 9450
225 9285
226 10237
227 9488
228 11065
229 9636
230 9335
231 10655
232 10300
233 10072
234 10967
235 11266
236 10746
237 11697
238 11980
239 10423
240 11654
241 11061
242 10863
243 12010
244 11856
245 12040
246 11910
247 11873
248 12262
249 12144
250 11465
251 12519
252 13199
253 13604
254 12834
255 12818
256 12362
257 12558
258 12266
259 13802
260 13539
261 13465
262 14984
263 13566
264 13592
265 13092
266 13883
267 13245
268 13848
269 13393
270 15026
271 12994
272 14312
273 15721
274 14770
275 15067
276 15602
277 14640
278 14670
279 15726
280 15073
281 14803
282 16111
283 15155
284 16507
285 15523
286 16367
287 14957
288 16522
289 16555
290 16472
291 16195
292 18437
293 16964
294 16504
295 16064
296 16348
297 16529
298 18361
299 17685
300 17258
